<?xml version="1.0" encoding="UTF-8" ?>
<testsuite failures="0" time="0.337" errors="0" skipped="0" tests="4" name="com.jesper.music.MusicServiceTest">
  <properties>
    <property name="java.runtime.name" value="Java(TM) SE Runtime Environment"/>
    <property name="sun.boot.library.path" value="/System/Library/Java/JavaVirtualMachines/1.6.0.jdk/Contents/Libraries"/>
    <property name="java.vm.version" value="20.1-b02-384"/>
    <property name="awt.nativeDoubleBuffering" value="true"/>
    <property name="gopherProxySet" value="false"/>
    <property name="mrj.build" value="10M3425"/>
    <property name="java.vm.vendor" value="Apple Inc."/>
    <property name="java.vendor.url" value="http://www.apple.com/"/>
    <property name="path.separator" value=":"/>
    <property name="java.vm.name" value="Java HotSpot(TM) 64-Bit Server VM"/>
    <property name="file.encoding.pkg" value="sun.io"/>
    <property name="user.country" value="US"/>
    <property name="sun.java.launcher" value="SUN_STANDARD"/>
    <property name="sun.os.patch.level" value="unknown"/>
    <property name="java.vm.specification.name" value="Java Virtual Machine Specification"/>
    <property name="user.dir" value="/Users/scostanzo/javasample-musiclib"/>
    <property name="java.runtime.version" value="1.6.0_26-b03-384-10M3425"/>
    <property name="java.awt.graphicsenv" value="apple.awt.CGraphicsEnvironment"/>
    <property name="basedir" value="/Users/scostanzo/javasample-musiclib"/>
    <property name="java.endorsed.dirs" value="/System/Library/Java/JavaVirtualMachines/1.6.0.jdk/Contents/Home/lib/endorsed"/>
    <property name="os.arch" value="x86_64"/>
    <property name="surefire.real.class.path" value="/Users/scostanzo/javasample-musiclib/target/surefire/surefirebooter6883298467286358339.jar"/>
    <property name="java.io.tmpdir" value="/var/folders/Iu/IuIl+SBeGXy6ZdIG9F1183CZAE2/-Tmp-/"/>
    <property name="line.separator" value="
"/>
    <property name="java.vm.specification.vendor" value="Sun Microsystems Inc."/>
    <property name="os.name" value="Mac OS X"/>
    <property name="sun.jnu.encoding" value="MacRoman"/>
    <property name="java.library.path" value=".:/Library/Java/Extensions:/System/Library/Java/Extensions:/usr/lib/java"/>
    <property name="surefire.test.class.path" value="/Users/scostanzo/javasample-musiclib/target/test-classes:/Users/scostanzo/javasample-musiclib/target/classes:/Users/scostanzo/.m2/repository/junit/junit/4.8.2/junit-4.8.2.jar:/Users/scostanzo/.m2/repository/org/slf4j/slf4j-api/1.5.10/slf4j-api-1.5.10.jar:/Users/scostanzo/.m2/repository/org/slf4j/jcl-over-slf4j/1.5.10/jcl-over-slf4j-1.5.10.jar:/Users/scostanzo/.m2/repository/org/slf4j/slf4j-log4j12/1.5.10/slf4j-log4j12-1.5.10.jar:/Users/scostanzo/.m2/repository/log4j/log4j/1.2.15/log4j-1.2.15.jar:/Users/scostanzo/.m2/repository/javax/inject/javax.inject/1/javax.inject-1.jar:/Users/scostanzo/.m2/repository/javax/servlet/servlet-api/2.5/servlet-api-2.5.jar:/Users/scostanzo/.m2/repository/javax/servlet/jsp/jsp-api/2.1/jsp-api-2.1.jar:/Users/scostanzo/.m2/repository/javax/servlet/jstl/1.2/jstl-1.2.jar:/Users/scostanzo/.m2/repository/org/springframework/spring-webmvc/3.0.5.RELEASE/spring-webmvc-3.0.5.RELEASE.jar:/Users/scostanzo/.m2/repository/org/springframework/spring-asm/3.0.5.RELEASE/spring-asm-3.0.5.RELEASE.jar:/Users/scostanzo/.m2/repository/org/springframework/spring-beans/3.0.5.RELEASE/spring-beans-3.0.5.RELEASE.jar:/Users/scostanzo/.m2/repository/org/springframework/spring-context-support/3.0.5.RELEASE/spring-context-support-3.0.5.RELEASE.jar:/Users/scostanzo/.m2/repository/org/springframework/spring-core/3.0.5.RELEASE/spring-core-3.0.5.RELEASE.jar:/Users/scostanzo/.m2/repository/org/springframework/spring-expression/3.0.5.RELEASE/spring-expression-3.0.5.RELEASE.jar:/Users/scostanzo/.m2/repository/org/springframework/spring-web/3.0.5.RELEASE/spring-web-3.0.5.RELEASE.jar:/Users/scostanzo/.m2/repository/org/springframework/spring-test/3.0.5.RELEASE/spring-test-3.0.5.RELEASE.jar:/Users/scostanzo/.m2/repository/org/springframework/spring-context/3.0.5.RELEASE/spring-context-3.0.5.RELEASE.jar:/Users/scostanzo/.m2/repository/org/springframework/spring-aop/3.0.5.RELEASE/spring-aop-3.0.5.RELEASE.jar:/Users/scostanzo/.m2/repository/org/springframework/security/spring-security-core/3.0.5.RELEASE/spring-security-core-3.0.5.RELEASE.jar:/Users/scostanzo/.m2/repository/org/aspectj/aspectjweaver/1.6.8/aspectjweaver-1.6.8.jar:/Users/scostanzo/.m2/repository/org/springframework/security/spring-security-web/3.0.5.RELEASE/spring-security-web-3.0.5.RELEASE.jar:/Users/scostanzo/.m2/repository/org/springframework/security/spring-security-config/3.0.5.RELEASE/spring-security-config-3.0.5.RELEASE.jar:/Users/scostanzo/.m2/repository/com/force/sdk/force-oauth/22.0.7-BETA/force-oauth-22.0.7-BETA.jar:/Users/scostanzo/.m2/repository/com/force/api/force-partner-api/22.0.0/force-partner-api-22.0.0.jar:/Users/scostanzo/.m2/repository/com/force/api/force-wsc/22.0.0/force-wsc-22.0.0.jar:/Users/scostanzo/.m2/repository/com/google/code/gson/gson/1.7.1/gson-1.7.1.jar:/Users/scostanzo/.m2/repository/rhino/js/1.7R2/js-1.7R2.jar:/Users/scostanzo/.m2/repository/com/force/sdk/force-connector/22.0.7-BETA/force-connector-22.0.7-BETA.jar:/Users/scostanzo/.m2/repository/com/googlecode/json-simple/json-simple/1.1/json-simple-1.1.jar:/Users/scostanzo/.m2/repository/com/force/sdk/force-springsecurity/22.0.7-BETA/force-springsecurity-22.0.7-BETA.jar:/Users/scostanzo/.m2/repository/commons-logging/commons-logging/1.1.1/commons-logging-1.1.1.jar:/Users/scostanzo/.m2/repository/org/aspectj/aspectjrt/1.6.9/aspectjrt-1.6.9.jar:/Users/scostanzo/.m2/repository/com/force/sdk/force-jpa/22.0.7-BETA/force-jpa-22.0.7-BETA.jar:/Users/scostanzo/.m2/repository/com/force/api/force-metadata-api/22.0.0/force-metadata-api-22.0.0.jar:/Users/scostanzo/.m2/repository/javax/jdo/jdo2-api/2.3-eb/jdo2-api-2.3-eb.jar:/Users/scostanzo/.m2/repository/javax/transaction/transaction-api/1.1/transaction-api-1.1.jar:/Users/scostanzo/.m2/repository/org/apache/geronimo/specs/geronimo-jpa_2.0_spec/1.0/geronimo-jpa_2.0_spec-1.0.jar:/Users/scostanzo/.m2/repository/org/datanucleus/datanucleus-enhancer/2.1.0-release/datanucleus-enhancer-2.1.0-release.jar:/Users/scostanzo/.m2/repository/org/datanucleus/datanucleus-core/2.2.3/datanucleus-core-2.2.3.jar:/Users/scostanzo/.m2/repository/org/datanucleus/datanucleus-jpa/2.1.7/datanucleus-jpa-2.1.7.jar:/Users/scostanzo/.m2/repository/org/springframework/spring-tx/3.0.5.RELEASE/spring-tx-3.0.5.RELEASE.jar:/Users/scostanzo/.m2/repository/aopalliance/aopalliance/1.0/aopalliance-1.0.jar:/Users/scostanzo/.m2/repository/org/springframework/spring-orm/3.0.5.RELEASE/spring-orm-3.0.5.RELEASE.jar:/Users/scostanzo/.m2/repository/org/springframework/spring-jdbc/3.0.5.RELEASE/spring-jdbc-3.0.5.RELEASE.jar:/Users/scostanzo/.m2/repository/cglib/cglib/2.2/cglib-2.2.jar:/Users/scostanzo/.m2/repository/asm/asm/3.1/asm-3.1.jar:/Users/scostanzo/.m2/repository/joda-time/joda-time/1.6.2/joda-time-1.6.2.jar:/Users/scostanzo/.m2/repository/org/mockito/mockito-core/1.8.5/mockito-core-1.8.5.jar:/Users/scostanzo/.m2/repository/org/hamcrest/hamcrest-core/1.1/hamcrest-core-1.1.jar:/Users/scostanzo/.m2/repository/org/objenesis/objenesis/1.0/objenesis-1.0.jar:/Users/scostanzo/.m2/repository/org/mockito/mockito-all/1.8.5/mockito-all-1.8.5.jar:"/>
    <property name="java.specification.name" value="Java Platform API Specification"/>
    <property name="java.class.version" value="50.0"/>
    <property name="sun.management.compiler" value="HotSpot 64-Bit Tiered Compilers"/>
    <property name="os.version" value="10.6.8"/>
    <property name="http.nonProxyHosts" value="local|*.local|169.254/16|*.169.254/16"/>
    <property name="user.home" value="/Users/scostanzo"/>
    <property name="user.timezone" value="America/Los_Angeles"/>
    <property name="java.awt.printerjob" value="apple.awt.CPrinterJob"/>
    <property name="java.specification.version" value="1.6"/>
    <property name="file.encoding" value="MacRoman"/>
    <property name="user.name" value="scostanzo"/>
    <property name="java.class.path" value="/Users/scostanzo/javasample-musiclib/target/test-classes:/Users/scostanzo/javasample-musiclib/target/classes:/Users/scostanzo/.m2/repository/junit/junit/4.8.2/junit-4.8.2.jar:/Users/scostanzo/.m2/repository/org/slf4j/slf4j-api/1.5.10/slf4j-api-1.5.10.jar:/Users/scostanzo/.m2/repository/org/slf4j/jcl-over-slf4j/1.5.10/jcl-over-slf4j-1.5.10.jar:/Users/scostanzo/.m2/repository/org/slf4j/slf4j-log4j12/1.5.10/slf4j-log4j12-1.5.10.jar:/Users/scostanzo/.m2/repository/log4j/log4j/1.2.15/log4j-1.2.15.jar:/Users/scostanzo/.m2/repository/javax/inject/javax.inject/1/javax.inject-1.jar:/Users/scostanzo/.m2/repository/javax/servlet/servlet-api/2.5/servlet-api-2.5.jar:/Users/scostanzo/.m2/repository/javax/servlet/jsp/jsp-api/2.1/jsp-api-2.1.jar:/Users/scostanzo/.m2/repository/javax/servlet/jstl/1.2/jstl-1.2.jar:/Users/scostanzo/.m2/repository/org/springframework/spring-webmvc/3.0.5.RELEASE/spring-webmvc-3.0.5.RELEASE.jar:/Users/scostanzo/.m2/repository/org/springframework/spring-asm/3.0.5.RELEASE/spring-asm-3.0.5.RELEASE.jar:/Users/scostanzo/.m2/repository/org/springframework/spring-beans/3.0.5.RELEASE/spring-beans-3.0.5.RELEASE.jar:/Users/scostanzo/.m2/repository/org/springframework/spring-context-support/3.0.5.RELEASE/spring-context-support-3.0.5.RELEASE.jar:/Users/scostanzo/.m2/repository/org/springframework/spring-core/3.0.5.RELEASE/spring-core-3.0.5.RELEASE.jar:/Users/scostanzo/.m2/repository/org/springframework/spring-expression/3.0.5.RELEASE/spring-expression-3.0.5.RELEASE.jar:/Users/scostanzo/.m2/repository/org/springframework/spring-web/3.0.5.RELEASE/spring-web-3.0.5.RELEASE.jar:/Users/scostanzo/.m2/repository/org/springframework/spring-test/3.0.5.RELEASE/spring-test-3.0.5.RELEASE.jar:/Users/scostanzo/.m2/repository/org/springframework/spring-context/3.0.5.RELEASE/spring-context-3.0.5.RELEASE.jar:/Users/scostanzo/.m2/repository/org/springframework/spring-aop/3.0.5.RELEASE/spring-aop-3.0.5.RELEASE.jar:/Users/scostanzo/.m2/repository/org/springframework/security/spring-security-core/3.0.5.RELEASE/spring-security-core-3.0.5.RELEASE.jar:/Users/scostanzo/.m2/repository/org/aspectj/aspectjweaver/1.6.8/aspectjweaver-1.6.8.jar:/Users/scostanzo/.m2/repository/org/springframework/security/spring-security-web/3.0.5.RELEASE/spring-security-web-3.0.5.RELEASE.jar:/Users/scostanzo/.m2/repository/org/springframework/security/spring-security-config/3.0.5.RELEASE/spring-security-config-3.0.5.RELEASE.jar:/Users/scostanzo/.m2/repository/com/force/sdk/force-oauth/22.0.7-BETA/force-oauth-22.0.7-BETA.jar:/Users/scostanzo/.m2/repository/com/force/api/force-partner-api/22.0.0/force-partner-api-22.0.0.jar:/Users/scostanzo/.m2/repository/com/force/api/force-wsc/22.0.0/force-wsc-22.0.0.jar:/Users/scostanzo/.m2/repository/com/google/code/gson/gson/1.7.1/gson-1.7.1.jar:/Users/scostanzo/.m2/repository/rhino/js/1.7R2/js-1.7R2.jar:/Users/scostanzo/.m2/repository/com/force/sdk/force-connector/22.0.7-BETA/force-connector-22.0.7-BETA.jar:/Users/scostanzo/.m2/repository/com/googlecode/json-simple/json-simple/1.1/json-simple-1.1.jar:/Users/scostanzo/.m2/repository/com/force/sdk/force-springsecurity/22.0.7-BETA/force-springsecurity-22.0.7-BETA.jar:/Users/scostanzo/.m2/repository/commons-logging/commons-logging/1.1.1/commons-logging-1.1.1.jar:/Users/scostanzo/.m2/repository/org/aspectj/aspectjrt/1.6.9/aspectjrt-1.6.9.jar:/Users/scostanzo/.m2/repository/com/force/sdk/force-jpa/22.0.7-BETA/force-jpa-22.0.7-BETA.jar:/Users/scostanzo/.m2/repository/com/force/api/force-metadata-api/22.0.0/force-metadata-api-22.0.0.jar:/Users/scostanzo/.m2/repository/javax/jdo/jdo2-api/2.3-eb/jdo2-api-2.3-eb.jar:/Users/scostanzo/.m2/repository/javax/transaction/transaction-api/1.1/transaction-api-1.1.jar:/Users/scostanzo/.m2/repository/org/apache/geronimo/specs/geronimo-jpa_2.0_spec/1.0/geronimo-jpa_2.0_spec-1.0.jar:/Users/scostanzo/.m2/repository/org/datanucleus/datanucleus-enhancer/2.1.0-release/datanucleus-enhancer-2.1.0-release.jar:/Users/scostanzo/.m2/repository/org/datanucleus/datanucleus-core/2.2.3/datanucleus-core-2.2.3.jar:/Users/scostanzo/.m2/repository/org/datanucleus/datanucleus-jpa/2.1.7/datanucleus-jpa-2.1.7.jar:/Users/scostanzo/.m2/repository/org/springframework/spring-tx/3.0.5.RELEASE/spring-tx-3.0.5.RELEASE.jar:/Users/scostanzo/.m2/repository/aopalliance/aopalliance/1.0/aopalliance-1.0.jar:/Users/scostanzo/.m2/repository/org/springframework/spring-orm/3.0.5.RELEASE/spring-orm-3.0.5.RELEASE.jar:/Users/scostanzo/.m2/repository/org/springframework/spring-jdbc/3.0.5.RELEASE/spring-jdbc-3.0.5.RELEASE.jar:/Users/scostanzo/.m2/repository/cglib/cglib/2.2/cglib-2.2.jar:/Users/scostanzo/.m2/repository/asm/asm/3.1/asm-3.1.jar:/Users/scostanzo/.m2/repository/joda-time/joda-time/1.6.2/joda-time-1.6.2.jar:/Users/scostanzo/.m2/repository/org/mockito/mockito-core/1.8.5/mockito-core-1.8.5.jar:/Users/scostanzo/.m2/repository/org/hamcrest/hamcrest-core/1.1/hamcrest-core-1.1.jar:/Users/scostanzo/.m2/repository/org/objenesis/objenesis/1.0/objenesis-1.0.jar:/Users/scostanzo/.m2/repository/org/mockito/mockito-all/1.8.5/mockito-all-1.8.5.jar:"/>
    <property name="java.vm.specification.version" value="1.0"/>
    <property name="sun.arch.data.model" value="64"/>
    <property name="java.home" value="/System/Library/Java/JavaVirtualMachines/1.6.0.jdk/Contents/Home"/>
    <property name="sun.java.command" value="/Users/scostanzo/javasample-musiclib/target/surefire/surefirebooter6883298467286358339.jar /Users/scostanzo/javasample-musiclib/target/surefire/surefire4688198489462416287tmp /Users/scostanzo/javasample-musiclib/target/surefire/surefire5119723479719646993tmp"/>
    <property name="java.specification.vendor" value="Sun Microsystems Inc."/>
    <property name="user.language" value="en"/>
    <property name="awt.toolkit" value="apple.awt.CToolkit"/>
    <property name="java.vm.info" value="mixed mode"/>
    <property name="java.version" value="1.6.0_26"/>
    <property name="java.ext.dirs" value="/Library/Java/Extensions:/System/Library/Java/Extensions:/System/Library/Java/JavaVirtualMachines/1.6.0.jdk/Contents/Home/lib/ext"/>
    <property name="sun.boot.class.path" value="/System/Library/Java/JavaVirtualMachines/1.6.0.jdk/Contents/Classes/jsfd.jar:/System/Library/Java/JavaVirtualMachines/1.6.0.jdk/Contents/Classes/classes.jar:/System/Library/Frameworks/JavaVM.framework/Frameworks/JavaRuntimeSupport.framework/Resources/Java/JavaRuntimeSupport.jar:/System/Library/Java/JavaVirtualMachines/1.6.0.jdk/Contents/Classes/ui.jar:/System/Library/Java/JavaVirtualMachines/1.6.0.jdk/Contents/Classes/laf.jar:/System/Library/Java/JavaVirtualMachines/1.6.0.jdk/Contents/Classes/sunrsasign.jar:/System/Library/Java/JavaVirtualMachines/1.6.0.jdk/Contents/Classes/jsse.jar:/System/Library/Java/JavaVirtualMachines/1.6.0.jdk/Contents/Classes/jce.jar:/System/Library/Java/JavaVirtualMachines/1.6.0.jdk/Contents/Classes/charsets.jar"/>
    <property name="java.vendor" value="Apple Inc."/>
    <property name="localRepository" value="/Users/scostanzo/.m2/repository"/>
    <property name="file.separator" value="/"/>
    <property name="java.vendor.url.bug" value="http://bugreport.apple.com/"/>
    <property name="sun.cpu.endian" value="little"/>
    <property name="sun.io.unicode.encoding" value="UnicodeLittle"/>
    <property name="mrj.version" value="1060.1.6.0_26-384"/>
    <property name="socksNonProxyHosts" value="local|*.local|169.254/16|*.169.254/16"/>
    <property name="ftp.nonProxyHosts" value="local|*.local|169.254/16|*.169.254/16"/>
    <property name="sun.cpu.isalist" value=""/>
  </properties>
  <testcase time="0.252" classname="com.jesper.music.MusicServiceTest" name="testGetListWithQuery"/>
  <testcase time="0.001" classname="com.jesper.music.MusicServiceTest" name="testGetListWithoutQuery"/>
  <testcase time="0" classname="com.jesper.music.MusicServiceTest" name="testGetListWithNullEntity"/>
  <testcase time="0.027" classname="com.jesper.music.MusicServiceTest" name="testfindValidEntity"/>
</testsuite>